2020-02-23 11:30:36,805  logger.py : WARNING  test 节点的 AzkabanWebServer 服务未运行
2020-02-23 11:30:36,805  logger.py : WARNING  开始启动 test 节点的 AzkabanWebServer 服务

2020-02-23 11:30:36,805  logger.py : INFO  开始执行 ssh test -a None/azkaban-web-server/start-web.sh2020-02-24 10:09:52,566  logger.py : WARNING  test 节点的 AzkabanWebServer 服务未运行
2020-02-24 10:09:52,566  logger.py : WARNING  开始启动 test 节点的 AzkabanWebServer 服务

2020-02-24 10:09:52,566  logger.py : INFO  开始执行 ssh test -a None/azkaban-web-server/start-web.sh 命令
2020-02-24 10:10:13,687  logger.py : WARNING  test 节点的 AzkabanExecutorServer 服务未运行
2020-02-24 10:10:13,687  logger.py : WARNING  开始启动 test 节点的 AzkabanExecutorServer 服务

2020-02-24 10:10:13,688  logger.py : INFO  开始执行 ssh test -a None/azkaban-exec-server/start-exec.sh 命令
2020-02-24 10:10:43,500  logger.py : WARNING  test 节点的 AzkabanWebServer 服务未运行
2020-02-24 10:10:43,500  logger.py : WARNING  开始启动 test 节点的 AzkabanWebServer 服务

2020-02-24 10:10:43,500  logger.py : INFO  开始执行 ssh test -a None/azkaban-web-server/start-web.sh 命令
2020-02-24 10:11:04,606  logger.py : WARNING  test 节点的 AzkabanExecutorServer 服务未运行
2020-02-24 10:11:04,606  logger.py : WARNING  开始启动 test 节点的 AzkabanExecutorServer 服务

2020-02-24 10:11:04,606  logger.py : INFO  开始执行 ssh test -a None/azkaban-exec-server/start-exec.sh 命令
2020-02-24 10:12:38,688  logger.py : WARNING  172.10.10.139 节点的 Elasticsearch 服务未运行
2020-02-24 10:12:38,688  logger.py : WARNING  开始启动 172.10.10.139 节点的 Elasticsearch 服务

2020-02-24 10:12:38,688  logger.py : INFO  开始执行 ansible client -l 172.10.10.139 -a "None/start.sh" 命令
2020-02-24 10:12:38,739  logger.py : WARNING  172.10.10.137 节点的 Elasticsearch 服务未运行
2020-02-24 10:12:38,739  logger.py : WARNING  开始启动 172.10.10.137 节点的 Elasticsearch 服务

2020-02-24 10:12:38,739  logger.py : INFO  开始执行 ansible client -l 172.10.10.137 -a "None/start.sh" 命令
2020-02-24 10:12:38,788  logger.py : WARNING  172.10.10.138 节点的 Elasticsearch 服务未运行
2020-02-24 10:12:38,788  logger.py : WARNING  开始启动 172.10.10.138 节点的 Elasticsearch 服务

2020-02-24 10:12:38,798  logger.py : INFO  开始执行 ansible client -l 172.10.10.138 -a "None/start.sh" 命令
2020-02-24 10:12:57,813  logger.py : WARNING  172.10.10.131 节点的 flume 服务未运行
2020-02-24 10:12:57,813  logger.py : WARNING  开始启动 172.10.10.131 节点的 flume 服务

2020-02-24 10:12:57,813  logger.py : INFO  开始执行 ansible client -l 172.10.10.131 -a "None/nginx-flume.sh start " 命令
2020-02-24 10:12:57,865  logger.py : WARNING  172.10.10.132 节点的 flume 服务未运行
2020-02-24 10:12:57,865  logger.py : WARNING  开始启动 172.10.10.132 节点的 flume 服务

2020-02-24 10:12:57,865  logger.py : INFO  开始执行 ansible client -l 172.10.10.132 -a "None/nginx-flume.sh start " 命令
2020-02-24 10:13:43,116  logger.py : WARNING  test 节点的 DataNode 服务未运行
2020-02-24 10:13:43,116  logger.py : WARNING  开始启动 test 节点的 datanode 服务

2020-02-24 10:13:43,116  logger.py : INFO  开始执行 ansible client -l test -a "E:\soft\hadoop/sbin/hadoop-daemon.sh start datanode" 命令
2020-02-24 10:13:43,148  logger.py : WARNING  test 节点的 NodeManager 服务未运行
2020-02-24 10:13:43,148  logger.py : WARNING  开始启动 test 节点的 nodemanager 服务

2020-02-24 10:13:43,148  logger.py : INFO  开始执行 ansible client -l test -a "E:\soft\hadoop/sbin/yarn-daemon.sh start nodemanager" 命令
2020-02-24 10:13:43,168  logger.py : WARNING  test 节点的 NameNode 服务未运行
2020-02-24 10:13:43,168  logger.py : WARNING  开始启动 test 节点的 namenode 服务

2020-02-24 10:13:43,168  logger.py : INFO  开始执行 ansible client -l test -a "E:\soft\hadoop/sbin/hadoop-daemon.sh start namenode" 命令
2020-02-24 10:13:43,198  logger.py : WARNING  test 节点的 SecondaryNameNode 服务未运行
2020-02-24 10:13:43,198  logger.py : WARNING  开始启动 test 节点的 secondarynamenode 服务

2020-02-24 10:13:43,198  logger.py : INFO  开始执行 ansible client -l test -a "E:\soft\hadoop/sbin/hadoop-daemon.sh start secondarynamenode" 命令
2020-02-24 10:13:43,228  logger.py : WARNING  test 节点的 ResourceManager 服务未运行
2020-02-24 10:13:43,228  logger.py : WARNING  开始启动 test 节点的 resourcemanager 服务

2020-02-24 10:13:43,228  logger.py : INFO  开始执行 ansible client -l test -a "E:\soft\hadoop/sbin/yarn-daemon.sh start resourcemanager" 命令
2020-02-24 10:13:43,251  logger.py : WARNING  test 节点的 JobHistoryServer 服务未运行
2020-02-24 10:13:43,251  logger.py : WARNING  开始启动 test 节点的 jobhistoryserver 服务

2020-02-24 10:13:43,251  logger.py : INFO  开始执行 ansible client -l test -a "E:\soft\hadoop/sbin/mr-jobhistory-daemon.sh start historyserver" 命令
2020-02-24 10:13:43,286  logger.py : INFO  检测到有 6 个hadoop进程重启
2020-02-24 10:14:43,004  logger.py : WARNING  test 节点的  HRegionServer 服务未运行
2020-02-24 10:14:43,004  logger.py : WARNING  开始启动 test 节点的 hregionserver 服务

2020-02-24 10:14:43,004  logger.py : INFO  开始执行 ansible client -l test -a "None/bin/hbase-daemons.sh start regionserver" 命令
2020-02-24 10:14:43,039  logger.py : WARNING  test 节点的  HMaster 服务未运行
2020-02-24 10:14:43,039  logger.py : WARNING  开始启动  test 节点的 hmaster 服务

2020-02-24 10:14:43,039  logger.py : INFO  开始执行 ansible client -l test -a "None/bin/hbase-daemons.sh start master" 命令
2020-02-24 10:15:24,576  logger.py : WARNING  test 节点的  HRegionServer 服务未运行
2020-02-24 10:15:24,577  logger.py : WARNING  开始启动 test 节点的 hregionserver 服务

2020-02-24 10:15:24,577  logger.py : INFO  开始执行 ansible client -l test -a "None/bin/hbase-daemons.sh start regionserver" 命令
2020-02-24 10:15:24,600  logger.py : WARNING  test 节点的  HMaster 服务未运行
2020-02-24 10:15:24,600  logger.py : WARNING  开始启动  test 节点的 hmaster 服务

2020-02-24 10:15:24,600  logger.py : INFO  开始执行 ansible client -l test -a "None/bin/hbase-daemons.sh start master" 命令
2020-02-24 10:17:22,193  logger.py : WARNING  test 节点的 org.apache.hive.service.server.HiveServer2 服务未运行
2020-02-24 10:17:22,193  logger.py : WARNING  开始启动 test 节点的 org.apache.hive.service.server.HiveServer2 服务

2020-02-24 10:17:22,193  logger.py : INFO  开始执行 ansible client -l test -a "None/start-server2.sh" 命令
2020-02-24 10:17:22,213  logger.py : WARNING  test 节点的 org.apache.hadoop.hive.metastore.HiveMetaStore 服务未运行
2020-02-24 10:17:22,213  logger.py : WARNING  开始启动 test 节点的 org.apache.hadoop.hive.metastore.HiveMetaStore 服务

2020-02-24 10:17:22,213  logger.py : INFO  开始执行 ansible client -l test -a "None/start-metastore.sh" 命令
2020-02-24 10:18:58,298  logger.py : WARNING  172.10.10.138 节点的 logstash 服务未运行
2020-02-24 10:18:58,298  logger.py : WARNING  开始启动 172.10.10.138 节点的 logstash 服务

2020-02-24 10:18:58,298  logger.py : INFO  开始执行 ansible client -l 172.10.10.138 -a "None/start-logstash.sh" 命令
2020-02-24 10:18:58,350  logger.py : WARNING  172.10.10.137 节点的 logstash 服务未运行
2020-02-24 10:18:58,350  logger.py : WARNING  开始启动 172.10.10.137 节点的 logstash 服务

2020-02-24 10:18:58,350  logger.py : INFO  开始执行 ansible client -l 172.10.10.137 -a "None/start-logstash.sh" 命令
2020-02-24 10:19:01,871  logger.py : WARNING  test 节点的  Kafka  服务未运行
2020-02-24 10:19:01,871  logger.py : WARNING  开始启动 test 节点的 Kafka 服务

2020-02-24 10:19:01,871  logger.py : INFO  开始执行 ansible client -l test -a "None/start.sh" 命令
2020-02-24 10:19:38,490  logger.py : WARNING  test 节点的  QuorumPeerMain  服务未运行
2020-02-24 10:19:38,490  logger.py : WARNING  开始启动 test 节点的 QuorumPeerMain 服务

2020-02-24 10:19:38,490  logger.py : INFO  开始执行 ansible client -l test -a "None/bin/zkServer.sh start" 命令
2020-02-24 10:19:41,445  logger.py : WARNING  172.10.10.137 节点的 logstash 服务未运行
2020-02-24 10:19:41,445  logger.py : WARNING  开始启动 172.10.10.137 节点的 logstash 服务

2020-02-24 10:19:41,445  logger.py : INFO  开始执行 ansible client -l 172.10.10.137 -a "None/start-logstash.sh" 命令
2020-02-24 10:19:41,498  logger.py : WARNING  172.10.10.138 节点的 logstash 服务未运行
2020-02-24 10:19:41,498  logger.py : WARNING  开始启动 172.10.10.138 节点的 logstash 服务

2020-02-24 10:19:41,498  logger.py : INFO  开始执行 ansible client -l 172.10.10.138 -a "None/start-logstash.sh" 命令
2020-02-24 11:07:55,598  logger.py : WARNING  test 节点的 DataNode 服务未运行
2020-02-24 11:07:55,599  logger.py : WARNING  开始启动 test 节点的 datanode 服务
2020-02-24 11:07:55,599  logger.py : INFO  开始执行 ansible client -l test -a "E:\soft\hadoop/sbin/hadoop-daemon.sh start datanode" 命令
2020-02-24 11:07:55,626  logger.py : WARNING  test 节点的 NodeManager 服务未运行
2020-02-24 11:07:55,626  logger.py : WARNING  开始启动 test 节点的 nodemanager 服务
2020-02-24 11:07:55,626  logger.py : INFO  开始执行 ansible client -l test -a "E:\soft\hadoop/sbin/yarn-daemon.sh start nodemanager" 命令
2020-02-24 11:07:55,652  logger.py : WARNING  test 节点的 NameNode 服务未运行
2020-02-24 11:07:55,653  logger.py : WARNING  开始启动 test 节点的 namenode 服务
2020-02-24 11:07:55,653  logger.py : INFO  开始执行 ansible client -l test -a "E:\soft\hadoop/sbin/hadoop-daemon.sh start namenode" 命令
2020-02-24 11:07:55,679  logger.py : WARNING  test 节点的 SecondaryNameNode 服务未运行
2020-02-24 11:07:55,679  logger.py : WARNING  开始启动 test 节点的 secondarynamenode 服务
2020-02-24 11:07:55,679  logger.py : INFO  开始执行 ansible client -l test -a "E:\soft\hadoop/sbin/hadoop-daemon.sh start secondarynamenode" 命令
2020-02-24 11:07:55,704  logger.py : WARNING  test 节点的 ResourceManager 服务未运行
2020-02-24 11:07:55,704  logger.py : WARNING  开始启动 test 节点的 resourcemanager 服务
2020-02-24 11:07:55,704  logger.py : INFO  开始执行 ansible client -l test -a "E:\soft\hadoop/sbin/yarn-daemon.sh start resourcemanager" 命令
2020-02-24 11:07:55,734  logger.py : WARNING  test 节点的 JobHistoryServer 服务未运行
2020-02-24 11:07:55,734  logger.py : WARNING  开始启动 test 节点的 jobhistoryserver 服务
2020-02-24 11:07:55,734  logger.py : INFO  开始执行 ansible client -l test -a "E:\soft\hadoop/sbin/mr-jobhistory-daemon.sh start historyserver" 命令
2020-02-24 11:07:55,760  logger.py : INFO  检测到有 6 个hadoop进程重启
2020-02-24 11:12:37,768  logger.py : WARNING  test 节点的 AzkabanWebServer 服务未运行
2020-02-24 11:12:37,768  logger.py : WARNING  开始启动 test 节点的 AzkabanWebServer 服务

2020-02-24 11:12:37,768  logger.py : INFO  开始执行 ssh test -a None/azkaban-web-server/start-web.sh 命令
2020-02-24 11:16:04,009  logger.py : WARNING  test 节点的  HRegionServer 服务未运行
2020-02-24 11:16:04,009  logger.py : WARNING  开始启动 test 节点的 hregionserver 服务

2020-02-24 11:16:04,009  logger.py : INFO  开始执行 ansible client -l test -a "None/bin/hbase-daemons.sh start regionserver" 命令
2020-02-24 11:16:04,034  logger.py : WARNING  test 节点的  HMaster 服务未运行
2020-02-24 11:16:04,034  logger.py : WARNING  开始启动  test 节点的 hmaster 服务

2020-02-24 11:16:04,034  logger.py : INFO  开始执行 ansible client -l test -a "None/bin/hbase-daemons.sh start master" 命令
